<?xml version="1.0" encoding="UTF-8"?>
<!-- Generated by org.testng.reporters.JUnitReportReporter -->
<testsuite hostname="APARNA" failures="0" tests="1" name="firstprojectpackage.Testngfileone" time="0.033" errors="0" timestamp="2024-07-17T11:40:26 IST" skipped="0">
  <testcase classname="firstprojectpackage.Testngfileone" name="f" time="0.033"/>
  <system-out/>
</testsuite> <!-- firstprojectpackage.Testngfileone -->
